[0m12:39:03.327031 [debug] [MainThread]: Sending event: {'category': 'dbt', 'action': 'invocation', 'label': 'start', 'context': [<snowplow_tracker.self_describing_json.SelfDescribingJson object at 0x000002CB5623A510>, <snowplow_tracker.self_describing_json.SelfDescribingJson object at 0x000002CB540A1D10>, <snowplow_tracker.self_describing_json.SelfDescribingJson object at 0x000002CB56F84190>]}


============================== 12:39:03.333999 | b077ffdc-cb73-44e2-938c-3743ecfe2aed ==============================
[0m12:39:03.333999 [info ] [MainThread]: Running with dbt=1.10.9
[0m12:39:03.335222 [debug] [MainThread]: running dbt with arguments {'partial_parse': 'True', 'write_json': 'True', 'send_anonymous_usage_stats': 'True', 'use_colors': 'True', 'cache_selected_only': 'False', 'target_path': 'None', 'warn_error': 'None', 'invocation_command': 'dbt deps', 'log_format': 'default', 'version_check': 'True', 'introspect': 'True', 'debug': 'False', 'log_cache_events': 'False', 'fail_fast': 'False', 'no_print': 'None', 'empty': 'None', 'quiet': 'False', 'use_experimental_parser': 'False', 'printer_width': '80', 'indirect_selection': 'eager', 'log_path': 'D:\\data_warehouse_project\\logs', 'profiles_dir': 'C:\\Users\\khang\\.dbt', 'static_parser': 'True', 'warn_error_options': 'WarnErrorOptionsV2(error=[], warn=[], silence=[])'}
[0m12:39:03.531306 [debug] [MainThread]: Sending event: {'category': 'dbt', 'action': 'project_id', 'label': 'b077ffdc-cb73-44e2-938c-3743ecfe2aed', 'context': [<snowplow_tracker.self_describing_json.SelfDescribingJson object at 0x000002CB56910FC0>]}
[0m12:39:03.573258 [debug] [MainThread]: Set downloads directory='C:\Users\khang\AppData\Local\Temp\dbt-downloads-t43664l4'
[0m12:39:03.573770 [debug] [MainThread]: Making package index registry request: GET https://hub.getdbt.com/api/v1/index.json
[0m12:39:03.872846 [debug] [MainThread]: Response from registry index: GET https://hub.getdbt.com/api/v1/index.json 200
[0m12:39:03.875325 [debug] [MainThread]: Making package registry request: GET https://hub.getdbt.com/api/v1/dbt-labs/dbt_utils.json
[0m12:39:04.032562 [debug] [MainThread]: Response from registry: GET https://hub.getdbt.com/api/v1/dbt-labs/dbt_utils.json 200
[0m12:39:04.037682 [debug] [MainThread]: Making package registry request: GET https://hub.getdbt.com/api/v1/calogica/dbt_expectations.json
[0m12:39:04.173084 [debug] [MainThread]: Response from registry: GET https://hub.getdbt.com/api/v1/calogica/dbt_expectations.json 200
[0m12:39:04.174154 [warn ] [MainThread]: [[33mWARNING[0m]: Deprecated functionality
The `calogica/dbt_expectations` package is deprecated in favor of
`metaplane/dbt_expectations`. Please update your `packages.yml` configuration to
use `metaplane/dbt_expectations` instead.
[0m12:39:04.174839 [debug] [MainThread]: Sending event: {'category': 'dbt', 'action': 'deprecation', 'label': 'b077ffdc-cb73-44e2-938c-3743ecfe2aed', 'property_': 'warn', 'context': [<snowplow_tracker.self_describing_json.SelfDescribingJson object at 0x000002CB5747E690>]}
[0m12:39:04.177378 [debug] [MainThread]: Making package registry request: GET https://hub.getdbt.com/api/v1/calogica/dbt_date.json
[0m12:39:04.345018 [debug] [MainThread]: Response from registry: GET https://hub.getdbt.com/api/v1/calogica/dbt_date.json 200
[0m12:39:04.350735 [info ] [MainThread]: Installing dbt-labs/dbt_utils
[0m12:39:04.899273 [info ] [MainThread]: Installed from version 1.0.0
[0m12:39:04.899863 [info ] [MainThread]: Updated version available: 1.3.0
[0m12:39:04.900466 [debug] [MainThread]: Sending event: {'category': 'dbt', 'action': 'package', 'label': 'b077ffdc-cb73-44e2-938c-3743ecfe2aed', 'property_': 'install', 'context': [<snowplow_tracker.self_describing_json.SelfDescribingJson object at 0x000002CB58876650>, <snowplow_tracker.self_describing_json.SelfDescribingJson object at 0x000002CB58876B50>]}
[0m12:39:04.900822 [info ] [MainThread]: Installing calogica/dbt_expectations
[0m12:39:06.767776 [info ] [MainThread]: Installed from version 0.10.4
[0m12:39:06.768377 [info ] [MainThread]: Up to date!
[0m12:39:06.769069 [debug] [MainThread]: Sending event: {'category': 'dbt', 'action': 'package', 'label': 'b077ffdc-cb73-44e2-938c-3743ecfe2aed', 'property_': 'install', 'context': [<snowplow_tracker.self_describing_json.SelfDescribingJson object at 0x000002CB57465F40>, <snowplow_tracker.self_describing_json.SelfDescribingJson object at 0x000002CB588918D0>]}
[0m12:39:06.769412 [info ] [MainThread]: Installing calogica/dbt_date
[0m12:39:07.230438 [info ] [MainThread]: Installed from version 0.10.1
[0m12:39:07.231032 [info ] [MainThread]: Up to date!
[0m12:39:07.231634 [debug] [MainThread]: Sending event: {'category': 'dbt', 'action': 'package', 'label': 'b077ffdc-cb73-44e2-938c-3743ecfe2aed', 'property_': 'install', 'context': [<snowplow_tracker.self_describing_json.SelfDescribingJson object at 0x000002CB588F46D0>, <snowplow_tracker.self_describing_json.SelfDescribingJson object at 0x000002CB58811F10>]}
[0m12:39:07.231986 [info ] [MainThread]: 
[0m12:39:07.232418 [info ] [MainThread]: Updates available for packages: ['dbt-labs/dbt_utils']                 
Update your versions in packages.yml, then run dbt deps
[0m12:39:07.235050 [warn ] [MainThread]: [[33mWARNING[0m][DeprecationsSummary]: Deprecated functionality
Summary of encountered deprecations:
- PackageRedirectDeprecation: 2 occurrences
To see all deprecation instances instead of just the first occurrence of each,
run command again with the `--show-all-deprecations` flag. You may also need to
run with `--no-partial-parse` as some deprecations are only encountered during
parsing.
[0m12:39:07.236281 [debug] [MainThread]: Command `dbt deps` succeeded at 12:39:07.236137 after 4.05 seconds
[0m12:39:07.236612 [debug] [MainThread]: Sending event: {'category': 'dbt', 'action': 'invocation', 'label': 'end', 'context': [<snowplow_tracker.self_describing_json.SelfDescribingJson object at 0x000002CB58849E90>, <snowplow_tracker.self_describing_json.SelfDescribingJson object at 0x000002CB58849DE0>, <snowplow_tracker.self_describing_json.SelfDescribingJson object at 0x000002CB588F8730>]}
[0m12:39:07.236963 [debug] [MainThread]: Flushing usage events
[0m12:39:08.514099 [debug] [MainThread]: An error was encountered while trying to flush usage events
[0m12:39:33.628585 [debug] [MainThread]: Sending event: {'category': 'dbt', 'action': 'invocation', 'label': 'start', 'context': [<snowplow_tracker.self_describing_json.SelfDescribingJson object at 0x00000298E2152510>, <snowplow_tracker.self_describing_json.SelfDescribingJson object at 0x00000298DFFD1D10>, <snowplow_tracker.self_describing_json.SelfDescribingJson object at 0x00000298E2EA4190>]}


============================== 12:39:33.633337 | f00a7ec6-6776-4708-8016-bc140da738cf ==============================
[0m12:39:33.633337 [info ] [MainThread]: Running with dbt=1.10.9
[0m12:39:33.634539 [debug] [MainThread]: running dbt with arguments {'partial_parse': 'True', 'static_parser': 'True', 'send_anonymous_usage_stats': 'True', 'version_check': 'True', 'cache_selected_only': 'False', 'target_path': 'None', 'use_colors': 'True', 'invocation_command': 'dbt debug', 'log_format': 'default', 'warn_error': 'None', 'introspect': 'True', 'debug': 'False', 'printer_width': '80', 'fail_fast': 'False', 'no_print': 'None', 'empty': 'None', 'quiet': 'False', 'use_experimental_parser': 'False', 'log_cache_events': 'False', 'indirect_selection': 'eager', 'log_path': 'D:\\data_warehouse_project\\logs', 'profiles_dir': 'C:\\Users\\khang\\.dbt', 'warn_error_options': 'WarnErrorOptionsV2(error=[], warn=[], silence=[])', 'write_json': 'True'}
[0m12:39:33.652744 [info ] [MainThread]: dbt version: 1.10.9
[0m12:39:33.653635 [info ] [MainThread]: python version: 3.13.3
[0m12:39:33.654235 [info ] [MainThread]: python path: C:\Users\khang\AppData\Local\Programs\Python\Python313\python.exe
[0m12:39:33.654825 [info ] [MainThread]: os info: Windows-11-10.0.26100-SP0
[0m12:39:33.655479 [info ] [MainThread]: Using profiles dir at C:\Users\khang\.dbt
[0m12:39:33.656085 [info ] [MainThread]: Using profiles.yml file at C:\Users\khang\.dbt\profiles.yml
[0m12:39:33.656744 [info ] [MainThread]: Using dbt_project.yml file at D:\data_warehouse_project\dbt_project.yml
[0m12:39:33.762880 [info ] [MainThread]: Configuration:
[0m12:39:33.763863 [info ] [MainThread]:   profiles.yml file [[31mERROR not found[0m]
[0m12:39:33.764525 [info ] [MainThread]:   dbt_project.yml file [[32mOK found and valid[0m]
[0m12:39:33.765077 [info ] [MainThread]: Required dependencies:
[0m12:39:33.765563 [debug] [MainThread]: Executing "git --help"
[0m12:39:33.804221 [debug] [MainThread]: STDOUT: "b"usage: git [-v | --version] [-h | --help] [-C <path>] [-c <name>=<value>]\n           [--exec-path[=<path>]] [--html-path] [--man-path] [--info-path]\n           [-p | --paginate | -P | --no-pager] [--no-replace-objects] [--no-lazy-fetch]\n           [--no-optional-locks] [--no-advice] [--bare] [--git-dir=<path>]\n           [--work-tree=<path>] [--namespace=<name>] [--config-env=<name>=<envvar>]\n           <command> [<args>]\n\nThese are common Git commands used in various situations:\n\nstart a working area (see also: git help tutorial)\n   clone      Clone a repository into a new directory\n   init       Create an empty Git repository or reinitialize an existing one\n\nwork on the current change (see also: git help everyday)\n   add        Add file contents to the index\n   mv         Move or rename a file, a directory, or a symlink\n   restore    Restore working tree files\n   rm         Remove files from the working tree and from the index\n\nexamine the history and state (see also: git help revisions)\n   bisect     Use binary search to find the commit that introduced a bug\n   diff       Show changes between commits, commit and working tree, etc\n   grep       Print lines matching a pattern\n   log        Show commit logs\n   show       Show various types of objects\n   status     Show the working tree status\n\ngrow, mark and tweak your common history\n   backfill   Download missing objects in a partial clone\n   branch     List, create, or delete branches\n   commit     Record changes to the repository\n   merge      Join two or more development histories together\n   rebase     Reapply commits on top of another base tip\n   reset      Reset current HEAD to the specified state\n   switch     Switch branches\n   tag        Create, list, delete or verify a tag object signed with GPG\n\ncollaborate (see also: git help workflows)\n   fetch      Download objects and refs from another repository\n   pull       Fetch from and integrate with another repository or a local branch\n   push       Update remote refs along with associated objects\n\n'git help -a' and 'git help -g' list available subcommands and some\nconcept guides. See 'git help <command>' or 'git help <concept>'\nto read about a specific subcommand or concept.\nSee 'git help git' for an overview of the system.\n""
[0m12:39:33.804606 [debug] [MainThread]: STDERR: "b''"
[0m12:39:33.804974 [info ] [MainThread]:  - git [[32mOK found[0m]

[0m12:39:33.805494 [info ] [MainThread]: Connection test skipped since no profile was found
[0m12:39:33.806089 [info ] [MainThread]: [31m1 check failed:[0m
[0m12:39:33.806636 [info ] [MainThread]: dbt looked for a profiles.yml file in C:\Users\khang\.dbt\profiles.yml, but did
not find one. For more information on configuring your profile, consult the
documentation:

https://docs.getdbt.com/docs/configure-your-profile


[0m12:39:33.807993 [debug] [MainThread]: Command `dbt debug` failed at 12:39:33.807751 after 0.32 seconds
[0m12:39:33.808319 [debug] [MainThread]: Sending event: {'category': 'dbt', 'action': 'invocation', 'label': 'end', 'context': [<snowplow_tracker.self_describing_json.SelfDescribingJson object at 0x00000298E2834FC0>, <snowplow_tracker.self_describing_json.SelfDescribingJson object at 0x00000298E46F1D90>, <snowplow_tracker.self_describing_json.SelfDescribingJson object at 0x00000298E339FDF0>]}
[0m12:39:33.808620 [debug] [MainThread]: Flushing usage events
[0m12:39:35.340776 [debug] [MainThread]: An error was encountered while trying to flush usage events
[0m12:41:35.273705 [debug] [MainThread]: Sending event: {'category': 'dbt', 'action': 'invocation', 'label': 'start', 'context': [<snowplow_tracker.self_describing_json.SelfDescribingJson object at 0x0000019C31EE6510>, <snowplow_tracker.self_describing_json.SelfDescribingJson object at 0x0000019C2FD51D10>, <snowplow_tracker.self_describing_json.SelfDescribingJson object at 0x0000019C32C34190>]}


============================== 12:41:35.278384 | 13d6cce1-e34c-478f-87f4-976799324bc2 ==============================
[0m12:41:35.278384 [info ] [MainThread]: Running with dbt=1.10.9
[0m12:41:35.279225 [debug] [MainThread]: running dbt with arguments {'partial_parse': 'True', 'static_parser': 'True', 'send_anonymous_usage_stats': 'True', 'warn_error': 'None', 'cache_selected_only': 'False', 'target_path': 'None', 'version_check': 'True', 'invocation_command': 'dbt debug', 'log_format': 'default', 'use_colors': 'True', 'introspect': 'True', 'debug': 'False', 'printer_width': '80', 'fail_fast': 'False', 'no_print': 'None', 'use_experimental_parser': 'False', 'empty': 'None', 'quiet': 'False', 'log_cache_events': 'False', 'indirect_selection': 'eager', 'log_path': 'D:\\data_warehouse_project\\logs', 'write_json': 'True', 'warn_error_options': 'WarnErrorOptionsV2(error=[], warn=[], silence=[])', 'profiles_dir': 'D:\\data_warehouse_project'}
[0m12:41:35.299137 [info ] [MainThread]: dbt version: 1.10.9
[0m12:41:35.299731 [info ] [MainThread]: python version: 3.13.3
[0m12:41:35.300190 [info ] [MainThread]: python path: C:\Users\khang\AppData\Local\Programs\Python\Python313\python.exe
[0m12:41:35.300700 [info ] [MainThread]: os info: Windows-11-10.0.26100-SP0
[0m12:41:43.254538 [info ] [MainThread]: Using profiles dir at D:\data_warehouse_project
[0m12:41:43.256277 [info ] [MainThread]: Using profiles.yml file at D:\data_warehouse_project\profiles.yml
[0m12:41:43.256772 [info ] [MainThread]: Using dbt_project.yml file at D:\data_warehouse_project\dbt_project.yml
[0m12:41:43.257160 [info ] [MainThread]: adapter type: bigquery
[0m12:41:43.257631 [info ] [MainThread]: adapter version: 1.10.1
[0m12:41:43.359995 [info ] [MainThread]: Configuration:
[0m12:41:43.360717 [info ] [MainThread]:   profiles.yml file [[32mOK found and valid[0m]
[0m12:41:43.361285 [info ] [MainThread]:   dbt_project.yml file [[32mOK found and valid[0m]
[0m12:41:43.361855 [info ] [MainThread]: Required dependencies:
[0m12:41:43.362393 [debug] [MainThread]: Executing "git --help"
[0m12:41:43.408389 [debug] [MainThread]: STDOUT: "b"usage: git [-v | --version] [-h | --help] [-C <path>] [-c <name>=<value>]\n           [--exec-path[=<path>]] [--html-path] [--man-path] [--info-path]\n           [-p | --paginate | -P | --no-pager] [--no-replace-objects] [--no-lazy-fetch]\n           [--no-optional-locks] [--no-advice] [--bare] [--git-dir=<path>]\n           [--work-tree=<path>] [--namespace=<name>] [--config-env=<name>=<envvar>]\n           <command> [<args>]\n\nThese are common Git commands used in various situations:\n\nstart a working area (see also: git help tutorial)\n   clone      Clone a repository into a new directory\n   init       Create an empty Git repository or reinitialize an existing one\n\nwork on the current change (see also: git help everyday)\n   add        Add file contents to the index\n   mv         Move or rename a file, a directory, or a symlink\n   restore    Restore working tree files\n   rm         Remove files from the working tree and from the index\n\nexamine the history and state (see also: git help revisions)\n   bisect     Use binary search to find the commit that introduced a bug\n   diff       Show changes between commits, commit and working tree, etc\n   grep       Print lines matching a pattern\n   log        Show commit logs\n   show       Show various types of objects\n   status     Show the working tree status\n\ngrow, mark and tweak your common history\n   backfill   Download missing objects in a partial clone\n   branch     List, create, or delete branches\n   commit     Record changes to the repository\n   merge      Join two or more development histories together\n   rebase     Reapply commits on top of another base tip\n   reset      Reset current HEAD to the specified state\n   switch     Switch branches\n   tag        Create, list, delete or verify a tag object signed with GPG\n\ncollaborate (see also: git help workflows)\n   fetch      Download objects and refs from another repository\n   pull       Fetch from and integrate with another repository or a local branch\n   push       Update remote refs along with associated objects\n\n'git help -a' and 'git help -g' list available subcommands and some\nconcept guides. See 'git help <command>' or 'git help <concept>'\nto read about a specific subcommand or concept.\nSee 'git help git' for an overview of the system.\n""
[0m12:41:43.408843 [debug] [MainThread]: STDERR: "b''"
[0m12:41:43.409254 [info ] [MainThread]:  - git [[32mOK found[0m]

[0m12:41:43.409749 [info ] [MainThread]: Connection:
[0m12:41:43.410176 [info ] [MainThread]:   method: service-account
[0m12:41:43.410595 [info ] [MainThread]:   database: project-github-471211
[0m12:41:43.411004 [info ] [MainThread]:   execution_project: project-github-471211
[0m12:41:43.411467 [info ] [MainThread]:   schema: wide_world_importers_dwh
[0m12:41:43.411935 [info ] [MainThread]:   location: asia-southeast1
[0m12:41:43.412288 [info ] [MainThread]:   priority: interactive
[0m12:41:43.412799 [info ] [MainThread]:   maximum_bytes_billed: None
[0m12:41:43.413339 [info ] [MainThread]:   impersonate_service_account: None
[0m12:41:43.413731 [info ] [MainThread]:   job_retry_deadline_seconds: None
[0m12:41:43.414096 [info ] [MainThread]:   job_retries: 1
[0m12:41:43.414431 [info ] [MainThread]:   job_creation_timeout_seconds: None
[0m12:41:43.414826 [info ] [MainThread]:   job_execution_timeout_seconds: 300
[0m12:41:43.415322 [info ] [MainThread]:   timeout_seconds: 300
[0m12:41:43.415713 [info ] [MainThread]:   client_id: None
[0m12:41:43.416138 [info ] [MainThread]:   token_uri: None
[0m12:41:43.416546 [info ] [MainThread]:   compute_region: None
[0m12:41:43.416965 [info ] [MainThread]:   dataproc_cluster_name: None
[0m12:41:43.417371 [info ] [MainThread]:   gcs_bucket: None
[0m12:41:43.417823 [info ] [MainThread]:   dataproc_batch: None
[0m12:41:43.418516 [info ] [MainThread]: Registered adapter: bigquery=1.10.1
[0m12:41:44.499935 [debug] [MainThread]: Acquiring new bigquery connection 'debug'
[0m12:41:44.500290 [debug] [MainThread]: On debug: select 1 as id
[0m12:41:44.500542 [debug] [MainThread]: Opening a new connection, currently in state init
[0m12:41:45.407566 [debug] [MainThread]: BigQuery adapter: https://console.cloud.google.com/bigquery?project=project-github-471211&j=bq:asia-southeast1:d27fa987-3585-4c1b-b3a4-53cffb72da4c&page=queryresults
[0m12:41:48.690113 [info ] [MainThread]:   Connection test: [[32mOK connection ok[0m]

[0m12:41:48.690875 [info ] [MainThread]: [32mAll checks passed![0m
[0m12:41:48.692226 [debug] [MainThread]: Command `dbt debug` succeeded at 12:41:48.692078 after 13.69 seconds
[0m12:41:48.692577 [debug] [MainThread]: Connection 'debug' was properly closed.
[0m12:41:48.692925 [debug] [MainThread]: Sending event: {'category': 'dbt', 'action': 'invocation', 'label': 'end', 'context': [<snowplow_tracker.self_describing_json.SelfDescribingJson object at 0x0000019C3255AD70>, <snowplow_tracker.self_describing_json.SelfDescribingJson object at 0x0000019C50A11370>, <snowplow_tracker.self_describing_json.SelfDescribingJson object at 0x0000019C508B5480>]}
[0m12:41:48.693391 [debug] [MainThread]: Flushing usage events
[0m12:41:49.884415 [debug] [MainThread]: An error was encountered while trying to flush usage events
[0m12:44:24.941773 [debug] [MainThread]: Sending event: {'category': 'dbt', 'action': 'invocation', 'label': 'start', 'context': [<snowplow_tracker.self_describing_json.SelfDescribingJson object at 0x000001916FEB6510>, <snowplow_tracker.self_describing_json.SelfDescribingJson object at 0x000001916DD21D10>, <snowplow_tracker.self_describing_json.SelfDescribingJson object at 0x0000019170C04190>]}


============================== 12:44:24.950570 | df1b03cf-3b5e-4afc-91fd-6dbefe2a2727 ==============================
[0m12:44:24.950570 [info ] [MainThread]: Running with dbt=1.10.9
[0m12:44:24.951258 [debug] [MainThread]: running dbt with arguments {'partial_parse': 'True', 'static_parser': 'True', 'send_anonymous_usage_stats': 'True', 'warn_error': 'None', 'cache_selected_only': 'False', 'target_path': 'None', 'use_colors': 'True', 'invocation_command': 'dbt run --select dim_customer', 'log_format': 'default', 'version_check': 'True', 'introspect': 'True', 'debug': 'False', 'printer_width': '80', 'fail_fast': 'False', 'no_print': 'None', 'empty': 'False', 'use_experimental_parser': 'False', 'quiet': 'False', 'log_cache_events': 'False', 'log_path': 'D:\\data_warehouse_project\\logs', 'indirect_selection': 'eager', 'profiles_dir': 'D:\\data_warehouse_project', 'warn_error_options': 'WarnErrorOptionsV2(error=[], warn=[], silence=[])', 'write_json': 'True'}
[0m12:44:29.216773 [debug] [MainThread]: Sending event: {'category': 'dbt', 'action': 'project_id', 'label': 'df1b03cf-3b5e-4afc-91fd-6dbefe2a2727', 'context': [<snowplow_tracker.self_describing_json.SelfDescribingJson object at 0x00000191705A0FC0>]}
[0m12:44:29.269867 [debug] [MainThread]: Sending event: {'category': 'dbt', 'action': 'adapter_info', 'label': 'df1b03cf-3b5e-4afc-91fd-6dbefe2a2727', 'context': [<snowplow_tracker.self_describing_json.SelfDescribingJson object at 0x000001910E86E7A0>]}
[0m12:44:29.270624 [info ] [MainThread]: Registered adapter: bigquery=1.10.1
[0m12:44:30.278278 [debug] [MainThread]: checksum: 6543b8b248ceda473ef0d611849d5d909085b6b714afa9b515e9635faea7af23, vars: {}, profile: , target: , version: 1.10.9
[0m12:44:30.279593 [info ] [MainThread]: Unable to do partial parsing because saved manifest not found. Starting full parse.
[0m12:44:30.280595 [debug] [MainThread]: Sending event: {'category': 'dbt', 'action': 'partial_parser', 'label': 'df1b03cf-3b5e-4afc-91fd-6dbefe2a2727', 'context': [<snowplow_tracker.self_describing_json.SelfDescribingJson object at 0x000001910E892450>]}
[0m12:44:36.573150 [warn ] [MainThread]: [[33mWARNING[0m]: Configuration paths exist in your dbt_project.yml file which do not apply to any resources.
There are 3 unused configuration paths:
- models.wide_world_importers_dbt.analytics.role_playing_dimensions
- models.wide_world_importers_dbt.staging
- models.wide_world_importers_dbt.analytics
[0m12:44:36.578231 [debug] [MainThread]: Sending event: {'category': 'dbt', 'action': 'load_project', 'label': 'df1b03cf-3b5e-4afc-91fd-6dbefe2a2727', 'context': [<snowplow_tracker.self_describing_json.SelfDescribingJson object at 0x000001910E8F97C0>]}
[0m12:44:36.642628 [debug] [MainThread]: Wrote artifact WritableManifest to D:\data_warehouse_project\target\manifest.json
[0m12:44:36.647325 [debug] [MainThread]: Wrote artifact SemanticManifest to D:\data_warehouse_project\target\semantic_manifest.json
[0m12:44:36.680598 [debug] [MainThread]: Sending event: {'category': 'dbt', 'action': 'resource_counts', 'label': 'df1b03cf-3b5e-4afc-91fd-6dbefe2a2727', 'context': [<snowplow_tracker.self_describing_json.SelfDescribingJson object at 0x000001910F12A6D0>]}
[0m12:44:36.681036 [info ] [MainThread]: Found 1 model, 875 macros
[0m12:44:36.681744 [debug] [MainThread]: Sending event: {'category': 'dbt', 'action': 'runnable_timing', 'label': 'df1b03cf-3b5e-4afc-91fd-6dbefe2a2727', 'context': [<snowplow_tracker.self_describing_json.SelfDescribingJson object at 0x000001910F0DBC70>]}
[0m12:44:36.683356 [info ] [MainThread]: 
[0m12:44:36.683899 [info ] [MainThread]: Concurrency: 4 threads (target='dev')
[0m12:44:36.684460 [info ] [MainThread]: 
[0m12:44:36.685154 [debug] [MainThread]: Acquiring new bigquery connection 'master'
[0m12:44:36.686206 [debug] [ThreadPool]: Acquiring new bigquery connection 'list_project-github-471211'
[0m12:44:36.686609 [debug] [ThreadPool]: Opening a new connection, currently in state init
[0m12:44:37.311495 [debug] [ThreadPool]: Acquiring new bigquery connection 'list_project-github-471211_wide_world_importers_dwh'
[0m12:44:37.312062 [debug] [ThreadPool]: Opening a new connection, currently in state init
[0m12:44:37.782789 [debug] [MainThread]: Sending event: {'category': 'dbt', 'action': 'runnable_timing', 'label': 'df1b03cf-3b5e-4afc-91fd-6dbefe2a2727', 'context': [<snowplow_tracker.self_describing_json.SelfDescribingJson object at 0x000001910EF03E90>]}
[0m12:44:37.783190 [debug] [MainThread]: Opening a new connection, currently in state init
[0m12:44:37.824826 [debug] [Thread-1 (]: Began running node model.wide_world_importers_dbt.dim_customer
[0m12:44:37.825321 [info ] [Thread-1 (]: 1 of 1 START sql view model wide_world_importers_dwh.dim_customer .............. [RUN]
[0m12:44:37.825980 [debug] [Thread-1 (]: Acquiring new bigquery connection 'model.wide_world_importers_dbt.dim_customer'
[0m12:44:37.826328 [debug] [Thread-1 (]: Began compiling node model.wide_world_importers_dbt.dim_customer
[0m12:44:37.831488 [debug] [Thread-1 (]: Writing injected SQL for node "model.wide_world_importers_dbt.dim_customer"
[0m12:44:37.833431 [debug] [Thread-1 (]: Began executing node model.wide_world_importers_dbt.dim_customer
[0m12:44:37.874178 [debug] [Thread-1 (]: Writing runtime sql for node "model.wide_world_importers_dbt.dim_customer"
[0m12:44:37.876432 [debug] [Thread-1 (]: On model.wide_world_importers_dbt.dim_customer: /* {"app": "dbt", "dbt_version": "1.10.9", "profile_name": "wide_world_importers_dbt", "target_name": "dev", "node_id": "model.wide_world_importers_dbt.dim_customer"} */


  create or replace view `project-github-471211`.`wide_world_importers_dwh`.`dim_customer`
  OPTIONS()
  as WITH dim_customer AS(
  SELECT
    *
  FROM vit-lam-data.wide_world_importers.sales__customers
)
SELECT
  *
FROM dim_customer;


[0m12:44:37.877151 [debug] [Thread-1 (]: Opening a new connection, currently in state init
[0m12:44:38.946539 [debug] [Thread-1 (]: BigQuery adapter: https://console.cloud.google.com/bigquery?project=project-github-471211&j=bq:asia-southeast1:efb593f3-b6c2-40b2-b20f-a3f9e4cbcf01&page=queryresults
[0m12:44:39.362529 [debug] [Thread-1 (]: Sending event: {'category': 'dbt', 'action': 'run_model', 'label': 'df1b03cf-3b5e-4afc-91fd-6dbefe2a2727', 'context': [<snowplow_tracker.self_describing_json.SelfDescribingJson object at 0x000001910F0F5FF0>]}
[0m12:44:39.363126 [info ] [Thread-1 (]: 1 of 1 OK created sql view model wide_world_importers_dwh.dim_customer ......... [[32mCREATE VIEW (0 processed)[0m in 1.53s]
[0m12:44:39.364442 [debug] [Thread-1 (]: Finished running node model.wide_world_importers_dbt.dim_customer
[0m12:44:39.365995 [debug] [MainThread]: Opening a new connection, currently in state closed
[0m12:44:39.401605 [debug] [MainThread]: Connection 'master' was properly closed.
[0m12:44:39.401986 [debug] [MainThread]: Connection 'list_project-github-471211' was properly closed.
[0m12:44:39.402226 [debug] [MainThread]: Connection 'list_project-github-471211_wide_world_importers_dwh' was properly closed.
[0m12:44:39.402434 [debug] [MainThread]: Connection 'model.wide_world_importers_dbt.dim_customer' was properly closed.
[0m12:44:39.402677 [info ] [MainThread]: 
[0m12:44:39.403231 [info ] [MainThread]: Finished running 1 view model in 0 hours 0 minutes and 2.72 seconds (2.72s).
[0m12:44:39.404150 [debug] [MainThread]: Command end result
[0m12:44:39.440612 [debug] [MainThread]: Wrote artifact WritableManifest to D:\data_warehouse_project\target\manifest.json
[0m12:44:39.443124 [debug] [MainThread]: Wrote artifact SemanticManifest to D:\data_warehouse_project\target\semantic_manifest.json
[0m12:44:39.448615 [debug] [MainThread]: Wrote artifact RunExecutionResult to D:\data_warehouse_project\target\run_results.json
[0m12:44:39.448952 [info ] [MainThread]: 
[0m12:44:39.449884 [info ] [MainThread]: [32mCompleted successfully[0m
[0m12:44:39.450426 [info ] [MainThread]: 
[0m12:44:39.450967 [info ] [MainThread]: Done. PASS=1 WARN=0 ERROR=0 SKIP=0 NO-OP=0 TOTAL=1
[0m12:44:39.452071 [debug] [MainThread]: Command `dbt run` succeeded at 12:44:39.451968 after 14.77 seconds
[0m12:44:39.452351 [debug] [MainThread]: Sending event: {'category': 'dbt', 'action': 'invocation', 'label': 'end', 'context': [<snowplow_tracker.self_describing_json.SelfDescribingJson object at 0x000001910EFB1270>, <snowplow_tracker.self_describing_json.SelfDescribingJson object at 0x000001910F19D640>, <snowplow_tracker.self_describing_json.SelfDescribingJson object at 0x000001910EAB1250>]}
[0m12:44:39.452620 [debug] [MainThread]: Flushing usage events
[0m12:44:40.670834 [debug] [MainThread]: An error was encountered while trying to flush usage events
[0m13:03:59.371110 [debug] [MainThread]: Sending event: {'category': 'dbt', 'action': 'invocation', 'label': 'start', 'context': [<snowplow_tracker.self_describing_json.SelfDescribingJson object at 0x000002ACDD7A6510>, <snowplow_tracker.self_describing_json.SelfDescribingJson object at 0x000002ACDB641D10>, <snowplow_tracker.self_describing_json.SelfDescribingJson object at 0x000002ACDE4E4190>]}


============================== 13:03:59.379560 | 6c0411f9-2a19-426e-b1dd-786f3b56b621 ==============================
[0m13:03:59.379560 [info ] [MainThread]: Running with dbt=1.10.9
[0m13:03:59.380258 [debug] [MainThread]: running dbt with arguments {'partial_parse': 'True', 'warn_error_options': 'WarnErrorOptionsV2(error=[], warn=[], silence=[])', 'send_anonymous_usage_stats': 'True', 'version_check': 'True', 'cache_selected_only': 'False', 'target_path': 'None', 'use_colors': 'True', 'invocation_command': 'dbt run --select dim_customer', 'log_format': 'default', 'warn_error': 'None', 'introspect': 'True', 'debug': 'False', 'printer_width': '80', 'fail_fast': 'False', 'no_print': 'None', 'empty': 'False', 'log_cache_events': 'False', 'quiet': 'False', 'use_experimental_parser': 'False', 'log_path': 'D:\\data_warehouse_project\\logs', 'indirect_selection': 'eager', 'write_json': 'True', 'static_parser': 'True', 'profiles_dir': 'D:\\data_warehouse_project'}
[0m13:04:06.407496 [debug] [MainThread]: Sending event: {'category': 'dbt', 'action': 'project_id', 'label': '6c0411f9-2a19-426e-b1dd-786f3b56b621', 'context': [<snowplow_tracker.self_describing_json.SelfDescribingJson object at 0x000002ACDDE80FC0>]}
[0m13:04:06.460718 [debug] [MainThread]: Sending event: {'category': 'dbt', 'action': 'adapter_info', 'label': '6c0411f9-2a19-426e-b1dd-786f3b56b621', 'context': [<snowplow_tracker.self_describing_json.SelfDescribingJson object at 0x000002ACFC09E7A0>]}
[0m13:04:06.461396 [info ] [MainThread]: Registered adapter: bigquery=1.10.1
[0m13:04:07.390632 [debug] [MainThread]: checksum: 6543b8b248ceda473ef0d611849d5d909085b6b714afa9b515e9635faea7af23, vars: {}, profile: , target: , version: 1.10.9
[0m13:04:07.704814 [debug] [MainThread]: Partial parsing enabled: 0 files deleted, 0 files added, 1 files changed.
[0m13:04:07.705353 [debug] [MainThread]: Partial parsing: updated file: wide_world_importers_dbt://models\Analystics\dim_customer.sql
[0m13:04:07.908734 [warn ] [MainThread]: [[33mWARNING[0m]: Configuration paths exist in your dbt_project.yml file which do not apply to any resources.
There are 3 unused configuration paths:
- models.wide_world_importers_dbt.analytics.role_playing_dimensions
- models.wide_world_importers_dbt.analytics
- models.wide_world_importers_dbt.staging
[0m13:04:07.914252 [debug] [MainThread]: Sending event: {'category': 'dbt', 'action': 'load_project', 'label': '6c0411f9-2a19-426e-b1dd-786f3b56b621', 'context': [<snowplow_tracker.self_describing_json.SelfDescribingJson object at 0x000002ACFC0C2750>]}
[0m13:04:08.132780 [debug] [MainThread]: Wrote artifact WritableManifest to D:\data_warehouse_project\target\manifest.json
[0m13:04:08.135641 [debug] [MainThread]: Wrote artifact SemanticManifest to D:\data_warehouse_project\target\semantic_manifest.json
[0m13:04:08.179001 [debug] [MainThread]: Sending event: {'category': 'dbt', 'action': 'resource_counts', 'label': '6c0411f9-2a19-426e-b1dd-786f3b56b621', 'context': [<snowplow_tracker.self_describing_json.SelfDescribingJson object at 0x000002ACFC12EF30>]}
[0m13:04:08.179491 [info ] [MainThread]: Found 1 model, 875 macros
[0m13:04:08.180037 [debug] [MainThread]: Sending event: {'category': 'dbt', 'action': 'runnable_timing', 'label': '6c0411f9-2a19-426e-b1dd-786f3b56b621', 'context': [<snowplow_tracker.self_describing_json.SelfDescribingJson object at 0x000002ACFC2733F0>]}
[0m13:04:08.181816 [info ] [MainThread]: 
[0m13:04:08.182393 [info ] [MainThread]: Concurrency: 4 threads (target='dev')
[0m13:04:08.182943 [info ] [MainThread]: 
[0m13:04:08.183574 [debug] [MainThread]: Acquiring new bigquery connection 'master'
[0m13:04:08.184754 [debug] [ThreadPool]: Acquiring new bigquery connection 'list_project-github-471211'
[0m13:04:08.185391 [debug] [ThreadPool]: Opening a new connection, currently in state init
[0m13:04:08.443310 [debug] [MainThread]: Opening a new connection, currently in state init
[0m13:04:08.480814 [debug] [MainThread]: Connection 'master' was properly closed.
[0m13:04:08.481167 [debug] [MainThread]: Connection 'list_project-github-471211' was properly closed.
[0m13:04:08.481397 [info ] [MainThread]: 
[0m13:04:08.481930 [info ] [MainThread]: Finished running  in 0 hours 0 minutes and 0.30 seconds (0.30s).
[0m13:04:08.482672 [error] [MainThread]: Encountered an error:
Database Error
  Unable to generate access token, if you're using impersonate_service_account, make sure your initial account has the "roles/iam.serviceAccountTokenCreator" role on the account you are trying to impersonate.
  
  ('invalid_grant: Invalid JWT Signature.', {'error': 'invalid_grant', 'error_description': 'Invalid JWT Signature.'})
[0m13:04:08.483817 [debug] [MainThread]: Command `dbt run` failed at 13:04:08.483711 after 9.54 seconds
[0m13:04:08.484103 [debug] [MainThread]: Sending event: {'category': 'dbt', 'action': 'invocation', 'label': 'end', 'context': [<snowplow_tracker.self_describing_json.SelfDescribingJson object at 0x000002ACFC8AF5F0>, <snowplow_tracker.self_describing_json.SelfDescribingJson object at 0x000002ACDE87BE90>, <snowplow_tracker.self_describing_json.SelfDescribingJson object at 0x000002ACFC329310>]}
[0m13:04:08.484375 [debug] [MainThread]: Flushing usage events
[0m13:04:11.374451 [debug] [MainThread]: An error was encountered while trying to flush usage events
[0m13:04:43.713977 [debug] [MainThread]: Sending event: {'category': 'dbt', 'action': 'invocation', 'label': 'start', 'context': [<snowplow_tracker.self_describing_json.SelfDescribingJson object at 0x00000290A9EA6510>, <snowplow_tracker.self_describing_json.SelfDescribingJson object at 0x00000290A7D11D10>, <snowplow_tracker.self_describing_json.SelfDescribingJson object at 0x00000290AABF4190>]}


============================== 13:04:43.718478 | b1cd13ce-e1b0-4599-9046-4b0a6de5b561 ==============================
[0m13:04:43.718478 [info ] [MainThread]: Running with dbt=1.10.9
[0m13:04:43.719269 [debug] [MainThread]: running dbt with arguments {'partial_parse': 'True', 'profiles_dir': 'D:\\data_warehouse_project', 'send_anonymous_usage_stats': 'True', 'use_colors': 'True', 'cache_selected_only': 'False', 'target_path': 'None', 'version_check': 'True', 'invocation_command': 'dbt run --select dim_customer', 'log_format': 'default', 'warn_error': 'None', 'introspect': 'True', 'debug': 'False', 'log_cache_events': 'False', 'fail_fast': 'False', 'no_print': 'None', 'empty': 'False', 'quiet': 'False', 'printer_width': '80', 'use_experimental_parser': 'False', 'log_path': 'D:\\data_warehouse_project\\logs', 'indirect_selection': 'eager', 'write_json': 'True', 'static_parser': 'True', 'warn_error_options': 'WarnErrorOptionsV2(error=[], warn=[], silence=[])'}
[0m13:04:47.559380 [debug] [MainThread]: Sending event: {'category': 'dbt', 'action': 'project_id', 'label': 'b1cd13ce-e1b0-4599-9046-4b0a6de5b561', 'context': [<snowplow_tracker.self_describing_json.SelfDescribingJson object at 0x00000290AA590FC0>]}
[0m13:04:47.616936 [debug] [MainThread]: Sending event: {'category': 'dbt', 'action': 'adapter_info', 'label': 'b1cd13ce-e1b0-4599-9046-4b0a6de5b561', 'context': [<snowplow_tracker.self_describing_json.SelfDescribingJson object at 0x00000290C87BE7A0>]}
[0m13:04:47.617819 [info ] [MainThread]: Registered adapter: bigquery=1.10.1
[0m13:04:48.511534 [debug] [MainThread]: checksum: 6543b8b248ceda473ef0d611849d5d909085b6b714afa9b515e9635faea7af23, vars: {}, profile: , target: , version: 1.10.9
[0m13:04:48.700607 [debug] [MainThread]: Partial parsing enabled: 0 files deleted, 0 files added, 0 files changed.
[0m13:04:48.700991 [debug] [MainThread]: Partial parsing enabled, no changes found, skipping parsing
[0m13:04:48.705867 [warn ] [MainThread]: [[33mWARNING[0m]: Configuration paths exist in your dbt_project.yml file which do not apply to any resources.
There are 3 unused configuration paths:
- models.wide_world_importers_dbt.staging
- models.wide_world_importers_dbt.analytics.role_playing_dimensions
- models.wide_world_importers_dbt.analytics
[0m13:04:48.727948 [debug] [MainThread]: Sending event: {'category': 'dbt', 'action': 'load_project', 'label': 'b1cd13ce-e1b0-4599-9046-4b0a6de5b561', 'context': [<snowplow_tracker.self_describing_json.SelfDescribingJson object at 0x00000290C87E2950>]}
[0m13:04:48.796358 [debug] [MainThread]: Wrote artifact WritableManifest to D:\data_warehouse_project\target\manifest.json
[0m13:04:48.798863 [debug] [MainThread]: Wrote artifact SemanticManifest to D:\data_warehouse_project\target\semantic_manifest.json
[0m13:04:48.819516 [debug] [MainThread]: Sending event: {'category': 'dbt', 'action': 'resource_counts', 'label': 'b1cd13ce-e1b0-4599-9046-4b0a6de5b561', 'context': [<snowplow_tracker.self_describing_json.SelfDescribingJson object at 0x00000290C884AE40>]}
[0m13:04:48.819975 [info ] [MainThread]: Found 1 model, 875 macros
[0m13:04:48.820751 [debug] [MainThread]: Sending event: {'category': 'dbt', 'action': 'runnable_timing', 'label': 'b1cd13ce-e1b0-4599-9046-4b0a6de5b561', 'context': [<snowplow_tracker.self_describing_json.SelfDescribingJson object at 0x00000290C8D86F90>]}
[0m13:04:48.823179 [info ] [MainThread]: 
[0m13:04:48.823998 [info ] [MainThread]: Concurrency: 4 threads (target='dev')
[0m13:04:48.824522 [info ] [MainThread]: 
[0m13:04:48.825198 [debug] [MainThread]: Acquiring new bigquery connection 'master'
[0m13:04:48.826242 [debug] [ThreadPool]: Acquiring new bigquery connection 'list_project-github-471211'
[0m13:04:48.826513 [debug] [ThreadPool]: Opening a new connection, currently in state init
[0m13:04:49.019681 [debug] [MainThread]: Opening a new connection, currently in state init
[0m13:04:49.058412 [debug] [MainThread]: Connection 'master' was properly closed.
[0m13:04:49.058742 [debug] [MainThread]: Connection 'list_project-github-471211' was properly closed.
[0m13:04:49.058987 [info ] [MainThread]: 
[0m13:04:49.059524 [info ] [MainThread]: Finished running  in 0 hours 0 minutes and 0.23 seconds (0.23s).
[0m13:04:49.061364 [error] [MainThread]: Encountered an error:
Database Error
  Unable to generate access token, if you're using impersonate_service_account, make sure your initial account has the "roles/iam.serviceAccountTokenCreator" role on the account you are trying to impersonate.
  
  ('invalid_grant: Invalid JWT Signature.', {'error': 'invalid_grant', 'error_description': 'Invalid JWT Signature.'})
[0m13:04:49.062517 [debug] [MainThread]: Command `dbt run` failed at 13:04:49.062413 after 5.49 seconds
[0m13:04:49.062801 [debug] [MainThread]: Sending event: {'category': 'dbt', 'action': 'invocation', 'label': 'end', 'context': [<snowplow_tracker.self_describing_json.SelfDescribingJson object at 0x00000290C8FAEF70>, <snowplow_tracker.self_describing_json.SelfDescribingJson object at 0x00000290AAF8BE90>, <snowplow_tracker.self_describing_json.SelfDescribingJson object at 0x00000290C8E08DD0>]}
[0m13:04:49.063071 [debug] [MainThread]: Flushing usage events
[0m13:04:50.201469 [debug] [MainThread]: An error was encountered while trying to flush usage events
[0m13:06:05.827502 [debug] [MainThread]: Sending event: {'category': 'dbt', 'action': 'invocation', 'label': 'start', 'context': [<snowplow_tracker.self_describing_json.SelfDescribingJson object at 0x0000027522D06510>, <snowplow_tracker.self_describing_json.SelfDescribingJson object at 0x0000027520B71D10>, <snowplow_tracker.self_describing_json.SelfDescribingJson object at 0x0000027523A54190>]}


============================== 13:06:05.834593 | 9e815043-00c7-47ec-b3e0-5f93c13b8df1 ==============================
[0m13:06:05.834593 [info ] [MainThread]: Running with dbt=1.10.9
[0m13:06:05.835761 [debug] [MainThread]: running dbt with arguments {'partial_parse': 'True', 'static_parser': 'True', 'send_anonymous_usage_stats': 'True', 'version_check': 'True', 'cache_selected_only': 'False', 'target_path': 'None', 'use_colors': 'True', 'invocation_command': 'dbt run --select dim_customer', 'log_format': 'default', 'warn_error': 'None', 'introspect': 'True', 'debug': 'False', 'printer_width': '80', 'fail_fast': 'False', 'no_print': 'None', 'quiet': 'False', 'use_experimental_parser': 'False', 'empty': 'False', 'log_cache_events': 'False', 'indirect_selection': 'eager', 'log_path': 'D:\\data_warehouse_project\\logs', 'profiles_dir': 'D:\\data_warehouse_project', 'warn_error_options': 'WarnErrorOptionsV2(error=[], warn=[], silence=[])', 'write_json': 'True'}
[0m13:06:11.864212 [debug] [MainThread]: Sending event: {'category': 'dbt', 'action': 'project_id', 'label': '9e815043-00c7-47ec-b3e0-5f93c13b8df1', 'context': [<snowplow_tracker.self_describing_json.SelfDescribingJson object at 0x00000275233F0FC0>]}
[0m13:06:11.921068 [debug] [MainThread]: Sending event: {'category': 'dbt', 'action': 'adapter_info', 'label': '9e815043-00c7-47ec-b3e0-5f93c13b8df1', 'context': [<snowplow_tracker.self_describing_json.SelfDescribingJson object at 0x000002754160E7A0>]}
[0m13:06:11.921825 [info ] [MainThread]: Registered adapter: bigquery=1.10.1
[0m13:06:12.827058 [debug] [MainThread]: checksum: 6543b8b248ceda473ef0d611849d5d909085b6b714afa9b515e9635faea7af23, vars: {}, profile: , target: , version: 1.10.9
[0m13:06:13.076039 [debug] [MainThread]: Partial parsing enabled: 0 files deleted, 0 files added, 0 files changed.
[0m13:06:13.076440 [debug] [MainThread]: Partial parsing enabled, no changes found, skipping parsing
[0m13:06:13.081389 [warn ] [MainThread]: [[33mWARNING[0m]: Configuration paths exist in your dbt_project.yml file which do not apply to any resources.
There are 3 unused configuration paths:
- models.wide_world_importers_dbt.analytics
- models.wide_world_importers_dbt.analytics.role_playing_dimensions
- models.wide_world_importers_dbt.staging
[0m13:06:13.100354 [debug] [MainThread]: Sending event: {'category': 'dbt', 'action': 'load_project', 'label': '9e815043-00c7-47ec-b3e0-5f93c13b8df1', 'context': [<snowplow_tracker.self_describing_json.SelfDescribingJson object at 0x0000027541632950>]}
[0m13:06:13.165908 [debug] [MainThread]: Wrote artifact WritableManifest to D:\data_warehouse_project\target\manifest.json
[0m13:06:13.168780 [debug] [MainThread]: Wrote artifact SemanticManifest to D:\data_warehouse_project\target\semantic_manifest.json
[0m13:06:13.207956 [debug] [MainThread]: Sending event: {'category': 'dbt', 'action': 'resource_counts', 'label': '9e815043-00c7-47ec-b3e0-5f93c13b8df1', 'context': [<snowplow_tracker.self_describing_json.SelfDescribingJson object at 0x000002754169AE40>]}
[0m13:06:13.208379 [info ] [MainThread]: Found 1 model, 875 macros
[0m13:06:13.209080 [debug] [MainThread]: Sending event: {'category': 'dbt', 'action': 'runnable_timing', 'label': '9e815043-00c7-47ec-b3e0-5f93c13b8df1', 'context': [<snowplow_tracker.self_describing_json.SelfDescribingJson object at 0x0000027541BD6F90>]}
[0m13:06:13.211432 [info ] [MainThread]: 
[0m13:06:13.212015 [info ] [MainThread]: Concurrency: 4 threads (target='dev')
[0m13:06:13.212514 [info ] [MainThread]: 
[0m13:06:13.213194 [debug] [MainThread]: Acquiring new bigquery connection 'master'
[0m13:06:13.214328 [debug] [ThreadPool]: Acquiring new bigquery connection 'list_project-github-471211'
[0m13:06:13.214636 [debug] [ThreadPool]: Opening a new connection, currently in state init
[0m13:06:13.501346 [debug] [MainThread]: Opening a new connection, currently in state init
[0m13:06:13.535158 [debug] [MainThread]: Connection 'master' was properly closed.
[0m13:06:13.535490 [debug] [MainThread]: Connection 'list_project-github-471211' was properly closed.
[0m13:06:13.535729 [info ] [MainThread]: 
[0m13:06:13.536314 [info ] [MainThread]: Finished running  in 0 hours 0 minutes and 0.32 seconds (0.32s).
[0m13:06:13.538105 [error] [MainThread]: Encountered an error:
Database Error
  Unable to generate access token, if you're using impersonate_service_account, make sure your initial account has the "roles/iam.serviceAccountTokenCreator" role on the account you are trying to impersonate.
  
  ('invalid_grant: Invalid JWT Signature.', {'error': 'invalid_grant', 'error_description': 'Invalid JWT Signature.'})
[0m13:06:13.539363 [debug] [MainThread]: Command `dbt run` failed at 13:06:13.539235 after 8.08 seconds
[0m13:06:13.539749 [debug] [MainThread]: Sending event: {'category': 'dbt', 'action': 'invocation', 'label': 'end', 'context': [<snowplow_tracker.self_describing_json.SelfDescribingJson object at 0x0000027541E02F70>, <snowplow_tracker.self_describing_json.SelfDescribingJson object at 0x0000027523DEBE90>, <snowplow_tracker.self_describing_json.SelfDescribingJson object at 0x0000027541C58DD0>]}
[0m13:06:13.540029 [debug] [MainThread]: Flushing usage events
[0m13:06:14.685864 [debug] [MainThread]: An error was encountered while trying to flush usage events
[0m13:06:43.261915 [debug] [MainThread]: Sending event: {'category': 'dbt', 'action': 'invocation', 'label': 'start', 'context': [<snowplow_tracker.self_describing_json.SelfDescribingJson object at 0x0000019977A06510>, <snowplow_tracker.self_describing_json.SelfDescribingJson object at 0x0000019975871D10>, <snowplow_tracker.self_describing_json.SelfDescribingJson object at 0x0000019978744190>]}


============================== 13:06:43.266900 | 26bd767c-7247-4a63-b758-5888bbf67f39 ==============================
[0m13:06:43.266900 [info ] [MainThread]: Running with dbt=1.10.9
[0m13:06:43.268087 [debug] [MainThread]: running dbt with arguments {'partial_parse': 'True', 'write_json': 'True', 'send_anonymous_usage_stats': 'True', 'version_check': 'True', 'cache_selected_only': 'False', 'target_path': 'None', 'use_colors': 'True', 'invocation_command': 'dbt debug', 'log_format': 'default', 'warn_error': 'None', 'introspect': 'True', 'debug': 'False', 'printer_width': '80', 'fail_fast': 'False', 'no_print': 'None', 'use_experimental_parser': 'False', 'empty': 'None', 'quiet': 'False', 'log_cache_events': 'False', 'indirect_selection': 'eager', 'log_path': 'D:\\data_warehouse_project\\logs', 'profiles_dir': 'D:\\data_warehouse_project', 'static_parser': 'True', 'warn_error_options': 'WarnErrorOptionsV2(error=[], warn=[], silence=[])'}
[0m13:06:43.286408 [info ] [MainThread]: dbt version: 1.10.9
[0m13:06:43.287146 [info ] [MainThread]: python version: 3.13.3
[0m13:06:43.287638 [info ] [MainThread]: python path: C:\Users\khang\AppData\Local\Programs\Python\Python313\python.exe
[0m13:06:43.288163 [info ] [MainThread]: os info: Windows-11-10.0.26100-SP0
[0m13:06:47.283658 [info ] [MainThread]: Using profiles dir at D:\data_warehouse_project
[0m13:06:47.284753 [info ] [MainThread]: Using profiles.yml file at D:\data_warehouse_project\profiles.yml
[0m13:06:47.285485 [info ] [MainThread]: Using dbt_project.yml file at D:\data_warehouse_project\dbt_project.yml
[0m13:06:47.286022 [info ] [MainThread]: adapter type: bigquery
[0m13:06:47.286542 [info ] [MainThread]: adapter version: 1.10.1
[0m13:06:47.394338 [info ] [MainThread]: Configuration:
[0m13:06:47.395009 [info ] [MainThread]:   profiles.yml file [[32mOK found and valid[0m]
[0m13:06:47.395619 [info ] [MainThread]:   dbt_project.yml file [[32mOK found and valid[0m]
[0m13:06:47.396183 [info ] [MainThread]: Required dependencies:
[0m13:06:47.396680 [debug] [MainThread]: Executing "git --help"
[0m13:06:47.443901 [debug] [MainThread]: STDOUT: "b"usage: git [-v | --version] [-h | --help] [-C <path>] [-c <name>=<value>]\n           [--exec-path[=<path>]] [--html-path] [--man-path] [--info-path]\n           [-p | --paginate | -P | --no-pager] [--no-replace-objects] [--no-lazy-fetch]\n           [--no-optional-locks] [--no-advice] [--bare] [--git-dir=<path>]\n           [--work-tree=<path>] [--namespace=<name>] [--config-env=<name>=<envvar>]\n           <command> [<args>]\n\nThese are common Git commands used in various situations:\n\nstart a working area (see also: git help tutorial)\n   clone      Clone a repository into a new directory\n   init       Create an empty Git repository or reinitialize an existing one\n\nwork on the current change (see also: git help everyday)\n   add        Add file contents to the index\n   mv         Move or rename a file, a directory, or a symlink\n   restore    Restore working tree files\n   rm         Remove files from the working tree and from the index\n\nexamine the history and state (see also: git help revisions)\n   bisect     Use binary search to find the commit that introduced a bug\n   diff       Show changes between commits, commit and working tree, etc\n   grep       Print lines matching a pattern\n   log        Show commit logs\n   show       Show various types of objects\n   status     Show the working tree status\n\ngrow, mark and tweak your common history\n   backfill   Download missing objects in a partial clone\n   branch     List, create, or delete branches\n   commit     Record changes to the repository\n   merge      Join two or more development histories together\n   rebase     Reapply commits on top of another base tip\n   reset      Reset current HEAD to the specified state\n   switch     Switch branches\n   tag        Create, list, delete or verify a tag object signed with GPG\n\ncollaborate (see also: git help workflows)\n   fetch      Download objects and refs from another repository\n   pull       Fetch from and integrate with another repository or a local branch\n   push       Update remote refs along with associated objects\n\n'git help -a' and 'git help -g' list available subcommands and some\nconcept guides. See 'git help <command>' or 'git help <concept>'\nto read about a specific subcommand or concept.\nSee 'git help git' for an overview of the system.\n""
[0m13:06:47.444330 [debug] [MainThread]: STDERR: "b''"
[0m13:06:47.444666 [info ] [MainThread]:  - git [[32mOK found[0m]

[0m13:06:47.445268 [info ] [MainThread]: Connection:
[0m13:06:47.445902 [info ] [MainThread]:   method: service-account
[0m13:06:47.446404 [info ] [MainThread]:   database: project-github-471211
[0m13:06:47.446906 [info ] [MainThread]:   execution_project: project-github-471211
[0m13:06:47.447470 [info ] [MainThread]:   schema: wide_world_importers_dwh
[0m13:06:47.447959 [info ] [MainThread]:   location: asia-southeast1
[0m13:06:47.448477 [info ] [MainThread]:   priority: interactive
[0m13:06:47.448968 [info ] [MainThread]:   maximum_bytes_billed: None
[0m13:06:47.449384 [info ] [MainThread]:   impersonate_service_account: None
[0m13:06:47.449813 [info ] [MainThread]:   job_retry_deadline_seconds: None
[0m13:06:47.450259 [info ] [MainThread]:   job_retries: 1
[0m13:06:47.450690 [info ] [MainThread]:   job_creation_timeout_seconds: None
[0m13:06:47.451203 [info ] [MainThread]:   job_execution_timeout_seconds: 300
[0m13:06:47.451749 [info ] [MainThread]:   timeout_seconds: 300
[0m13:06:47.452184 [info ] [MainThread]:   client_id: None
[0m13:06:47.452603 [info ] [MainThread]:   token_uri: None
[0m13:06:47.452926 [info ] [MainThread]:   compute_region: None
[0m13:06:47.453320 [info ] [MainThread]:   dataproc_cluster_name: None
[0m13:06:47.453755 [info ] [MainThread]:   gcs_bucket: None
[0m13:06:47.454173 [info ] [MainThread]:   dataproc_batch: None
[0m13:06:47.454889 [info ] [MainThread]: Registered adapter: bigquery=1.10.1
[0m13:06:48.389951 [debug] [MainThread]: Acquiring new bigquery connection 'debug'
[0m13:06:48.390358 [debug] [MainThread]: On debug: select 1 as id
[0m13:06:48.390641 [debug] [MainThread]: Opening a new connection, currently in state init
[0m13:06:48.596280 [info ] [MainThread]:   Connection test: [[31mERROR[0m]

[0m13:06:48.597714 [info ] [MainThread]: [31m1 check failed:[0m
[0m13:06:48.598905 [info ] [MainThread]: dbt was unable to connect to the specified database.
The database returned the following error:

  >Database Error
  Unable to generate access token, if you're using impersonate_service_account, make sure your initial account has the "roles/iam.serviceAccountTokenCreator" role on the account you are trying to impersonate.
  
  ('invalid_grant: Invalid JWT Signature.', {'error': 'invalid_grant', 'error_description': 'Invalid JWT Signature.'})

Check your database credentials and try again. For more information, visit:
https://docs.getdbt.com/docs/configure-your-profile


[0m13:06:48.602417 [debug] [MainThread]: Command `dbt debug` failed at 13:06:48.602114 after 5.49 seconds
[0m13:06:48.603230 [debug] [MainThread]: Connection 'debug' was properly closed.
[0m13:06:48.603727 [debug] [MainThread]: Sending event: {'category': 'dbt', 'action': 'invocation', 'label': 'end', 'context': [<snowplow_tracker.self_describing_json.SelfDescribingJson object at 0x000001991654AD70>, <snowplow_tracker.self_describing_json.SelfDescribingJson object at 0x0000019916589010>, <snowplow_tracker.self_describing_json.SelfDescribingJson object at 0x00000199164259D0>]}
[0m13:06:48.604304 [debug] [MainThread]: Flushing usage events
[0m13:06:49.725344 [debug] [MainThread]: An error was encountered while trying to flush usage events
